<?xml version="1.0" encoding="UTF-8"?>
<testsuite name="com.imhojeong.springboot.domain.posts.PostsRepositoryTest" tests="2" skipped="0" failures="0" errors="0" timestamp="2019-12-19T17:36:25" hostname="DESKTOP-QAVV100" time="0.198">
  <properties/>
  <testcase name="게시글저장_불러오기" classname="com.imhojeong.springboot.domain.posts.PostsRepositoryTest" time="0.189"/>
  <testcase name="BaseTimeEntity_등록" classname="com.imhojeong.springboot.domain.posts.PostsRepositoryTest" time="0.009"/>
  <system-out><![CDATA[2019-12-20 02:36:21.489  INFO 14164 --- [    Test worker] .b.t.c.SpringBootTestContextBootstrapper : Neither @ContextConfiguration nor @ContextHierarchy found for test class [com.imhojeong.springboot.domain.posts.PostsRepositoryTest], using SpringBootContextLoader
2019-12-20 02:36:21.490  INFO 14164 --- [    Test worker] o.s.t.c.support.AbstractContextLoader    : Could not detect default resource locations for test class [com.imhojeong.springboot.domain.posts.PostsRepositoryTest]: no resource found for suffixes {-context.xml, Context.groovy}.
2019-12-20 02:36:21.490  INFO 14164 --- [    Test worker] t.c.s.AnnotationConfigContextLoaderUtils : Could not detect default configuration classes for test class [com.imhojeong.springboot.domain.posts.PostsRepositoryTest]: PostsRepositoryTest does not declare any static, non-private, non-final, nested classes annotated with @Configuration.
2019-12-20 02:36:21.498  INFO 14164 --- [    Test worker] .b.t.c.SpringBootTestContextBootstrapper : Found @SpringBootConfiguration com.imhojeong.springboot.Application for test class com.imhojeong.springboot.domain.posts.PostsRepositoryTest
2019-12-20 02:36:21.500  INFO 14164 --- [    Test worker] .b.t.c.SpringBootTestContextBootstrapper : Loaded default TestExecutionListener class names from location [META-INF/spring.factories]: [org.springframework.security.test.context.support.WithSecurityContextTestExecutionListener, org.springframework.security.test.context.support.ReactorContextTestExecutionListener, org.springframework.boot.test.autoconfigure.restdocs.RestDocsTestExecutionListener, org.springframework.boot.test.autoconfigure.web.client.MockRestServiceServerResetTestExecutionListener, org.springframework.boot.test.autoconfigure.web.servlet.MockMvcPrintOnlyOnFailureTestExecutionListener, org.springframework.boot.test.autoconfigure.web.servlet.WebDriverTestExecutionListener, org.springframework.boot.test.mock.mockito.MockitoTestExecutionListener, org.springframework.boot.test.mock.mockito.ResetMocksTestExecutionListener, org.springframework.test.context.web.ServletTestExecutionListener, org.springframework.test.context.support.DirtiesContextBeforeModesTestExecutionListener, org.springframework.test.context.support.DependencyInjectionTestExecutionListener, org.springframework.test.context.support.DirtiesContextTestExecutionListener, org.springframework.test.context.transaction.TransactionalTestExecutionListener, org.springframework.test.context.jdbc.SqlScriptsTestExecutionListener]
2019-12-20 02:36:21.500  INFO 14164 --- [    Test worker] .b.t.c.SpringBootTestContextBootstrapper : Using TestExecutionListeners: [org.springframework.test.context.web.ServletTestExecutionListener@2b0981a7, org.springframework.test.context.support.DirtiesContextBeforeModesTestExecutionListener@5cb8b0e, org.springframework.boot.test.mock.mockito.MockitoTestExecutionListener@507832cf, org.springframework.boot.test.autoconfigure.SpringBootDependencyInjectionTestExecutionListener@6438c1b1, org.springframework.test.context.support.DirtiesContextTestExecutionListener@3db6028, org.springframework.test.context.transaction.TransactionalTestExecutionListener@5a9108a6, org.springframework.test.context.jdbc.SqlScriptsTestExecutionListener@4b6eb771, org.springframework.security.test.context.support.WithSecurityContextTestExecutionListener@6979d2e4, org.springframework.security.test.context.support.ReactorContextTestExecutionListener@317b35c3, org.springframework.boot.test.autoconfigure.restdocs.RestDocsTestExecutionListener@63fddf72, org.springframework.boot.test.autoconfigure.web.client.MockRestServiceServerResetTestExecutionListener@5d963943, org.springframework.boot.test.autoconfigure.web.servlet.MockMvcPrintOnlyOnFailureTestExecutionListener@7a5f3ee7, org.springframework.boot.test.autoconfigure.web.servlet.WebDriverTestExecutionListener@1262d942, org.springframework.boot.test.mock.mockito.ResetMocksTestExecutionListener@1fe99233]

  .   ____          _            __ _ _
 /\\ / ___'_ __ _ _(_)_ __  __ _ \ \ \ \
( ( )\___ | '_ | '_| | '_ \/ _` | \ \ \ \
 \\/  ___)| |_)| | | | | || (_| |  ) ) ) )
  '  |____| .__|_| |_|_| |_\__, | / / / /
 =========|_|==============|___/=/_/_/_/
 :: Spring Boot ::        (v2.1.7.RELEASE)

2019-12-20 02:36:21.520  INFO 14164 --- [    Test worker] c.i.s.domain.posts.PostsRepositoryTest   : Starting PostsRepositoryTest on DESKTOP-QAVV100 with PID 14164 (started by dlagh in D:\SpringBootTest)
2019-12-20 02:36:21.521  INFO 14164 --- [    Test worker] c.i.s.domain.posts.PostsRepositoryTest   : No active profile set, falling back to default profiles: default
2019-12-20 02:36:21.900  INFO 14164 --- [    Test worker] .s.d.r.c.RepositoryConfigurationDelegate : Bootstrapping Spring Data repositories in DEFAULT mode.
2019-12-20 02:36:21.976  INFO 14164 --- [    Test worker] .s.d.r.c.RepositoryConfigurationDelegate : Finished Spring Data repository scanning in 68ms. Found 2 repository interfaces.
2019-12-20 02:36:22.260  INFO 14164 --- [    Test worker] trationDelegate$BeanPostProcessorChecker : Bean 'org.springframework.transaction.annotation.ProxyTransactionManagementConfiguration' of type [org.springframework.transaction.annotation.ProxyTransactionManagementConfiguration$$EnhancerBySpringCGLIB$$e15be09] is not eligible for getting processed by all BeanPostProcessors (for example: not eligible for auto-proxying)
2019-12-20 02:36:22.431  INFO 14164 --- [    Test worker] com.zaxxer.hikari.HikariDataSource       : HikariPool-1 - Starting...
2019-12-20 02:36:22.612  INFO 14164 --- [    Test worker] com.zaxxer.hikari.HikariDataSource       : HikariPool-1 - Start completed.
2019-12-20 02:36:22.701  INFO 14164 --- [    Test worker] o.hibernate.jpa.internal.util.LogHelper  : HHH000204: Processing PersistenceUnitInfo [
	name: default
	...]
2019-12-20 02:36:22.790  INFO 14164 --- [    Test worker] org.hibernate.Version                    : HHH000412: Hibernate Core {5.3.10.Final}
2019-12-20 02:36:22.792  INFO 14164 --- [    Test worker] org.hibernate.cfg.Environment            : HHH000206: hibernate.properties not found
2019-12-20 02:36:22.854  INFO 14164 --- [    Test worker] o.hibernate.annotations.common.Version   : HCANN000001: Hibernate Commons Annotations {5.0.4.Final}
2019-12-20 02:36:23.028  INFO 14164 --- [    Test worker] org.hibernate.dialect.Dialect            : HHH000400: Using dialect: org.hibernate.dialect.MySQL5InnoDBDialect
Hibernate: drop table if exists posts
Hibernate: drop table if exists user
Hibernate: create table posts (id bigint not null auto_increment, created_date datetime, modified_date datetime, author varchar(255), content TEXT not null, title varchar(500) not null, primary key (id)) engine=InnoDB
Hibernate: create table user (id bigint not null auto_increment, email varchar(255) not null, name varchar(255) not null, picture varchar(255), role varchar(255) not null, primary key (id)) engine=InnoDB
2019-12-20 02:36:23.930  INFO 14164 --- [    Test worker] o.h.t.schema.internal.SchemaCreatorImpl  : HHH000476: Executing import script 'org.hibernate.tool.schema.internal.exec.ScriptSourceInputNonExistentImpl@756c91df'
2019-12-20 02:36:23.934  INFO 14164 --- [    Test worker] j.LocalContainerEntityManagerFactoryBean : Initialized JPA EntityManagerFactory for persistence unit 'default'
2019-12-20 02:36:24.450  INFO 14164 --- [    Test worker] o.h.h.i.QueryTranslatorFactoryInitiator  : HHH000397: Using ASTQueryTranslatorFactory
2019-12-20 02:36:24.753  INFO 14164 --- [    Test worker] o.s.s.web.DefaultSecurityFilterChain     : Creating filter chain: any request, [org.springframework.security.web.context.request.async.WebAsyncManagerIntegrationFilter@75ed3859, org.springframework.security.web.context.SecurityContextPersistenceFilter@a97d8fa, org.springframework.security.web.header.HeaderWriterFilter@7a7d731e, org.springframework.security.web.authentication.logout.LogoutFilter@7027906d, org.springframework.security.oauth2.client.web.OAuth2AuthorizationRequestRedirectFilter@529172d3, org.springframework.security.oauth2.client.web.OAuth2LoginAuthenticationFilter@5ba15ab0, org.springframework.security.web.authentication.ui.DefaultLoginPageGeneratingFilter@4443c017, org.springframework.security.web.authentication.ui.DefaultLogoutPageGeneratingFilter@292cb959, org.springframework.security.web.savedrequest.RequestCacheAwareFilter@2624cc2d, org.springframework.security.web.servletapi.SecurityContextHolderAwareRequestFilter@37d0be74, org.springframework.security.web.authentication.AnonymousAuthenticationFilter@78091216, org.springframework.security.web.session.SessionManagementFilter@57648091, org.springframework.security.web.access.ExceptionTranslationFilter@578f621f, org.springframework.security.web.access.intercept.FilterSecurityInterceptor@1845f48f]
2019-12-20 02:36:25.101  INFO 14164 --- [    Test worker] o.s.s.concurrent.ThreadPoolTaskExecutor  : Initializing ExecutorService 'applicationTaskExecutor'
2019-12-20 02:36:25.116  WARN 14164 --- [    Test worker] aWebConfiguration$JpaWebMvcConfiguration : spring.jpa.open-in-view is enabled by default. Therefore, database queries may be performed during view rendering. Explicitly configure spring.jpa.open-in-view to disable this warning
2019-12-20 02:36:25.148  INFO 14164 --- [    Test worker] o.s.b.a.w.s.WelcomePageHandlerMapping    : Adding welcome page template: index
2019-12-20 02:36:25.596  INFO 14164 --- [    Test worker] s.a.ScheduledAnnotationBeanPostProcessor : No TaskScheduler/ScheduledExecutorService bean found for scheduled processing
2019-12-20 02:36:25.614  INFO 14164 --- [    Test worker] c.i.s.domain.posts.PostsRepositoryTest   : Started PostsRepositoryTest in 4.112 seconds (JVM running for 11.616)
Hibernate: insert into posts (created_date, modified_date, author, content, title) values (?, ?, ?, ?, ?)
Hibernate: select posts0_.id as id1_0_, posts0_.created_date as created_2_0_, posts0_.modified_date as modified3_0_, posts0_.author as author4_0_, posts0_.content as content5_0_, posts0_.title as title6_0_ from posts posts0_
Hibernate: select posts0_.id as id1_0_, posts0_.created_date as created_2_0_, posts0_.modified_date as modified3_0_, posts0_.author as author4_0_, posts0_.content as content5_0_, posts0_.title as title6_0_ from posts posts0_
Hibernate: delete from posts where id=?
Hibernate: insert into posts (created_date, modified_date, author, content, title) values (?, ?, ?, ?, ?)
Hibernate: select posts0_.id as id1_0_, posts0_.created_date as created_2_0_, posts0_.modified_date as modified3_0_, posts0_.author as author4_0_, posts0_.content as content5_0_, posts0_.title as title6_0_ from posts posts0_
>>>>>>>>> createDate=2019-12-20T02:36:25.810, modifiedDate=2019-12-20T02:36:25.810
Hibernate: select posts0_.id as id1_0_, posts0_.created_date as created_2_0_, posts0_.modified_date as modified3_0_, posts0_.author as author4_0_, posts0_.content as content5_0_, posts0_.title as title6_0_ from posts posts0_
Hibernate: delete from posts where id=?
]]></system-out>
  <system-err><![CDATA[]]></system-err>
</testsuite>
