<?xml version="1.0" encoding="UTF-8"?>
<testsuite name="com.imhojeong.springboot.web.PostsApiControllerTest" tests="2" skipped="0" failures="0" errors="0" timestamp="2019-12-19T17:36:28" hostname="DESKTOP-QAVV100" time="0.1">
  <properties/>
  <testcase name="Posts_등록된다" classname="com.imhojeong.springboot.web.PostsApiControllerTest" time="0.066"/>
  <testcase name="Posts_수정된다" classname="com.imhojeong.springboot.web.PostsApiControllerTest" time="0.034"/>
  <system-out><![CDATA[2019-12-20 02:36:28.008  INFO 14164 --- [    Test worker] .b.t.c.SpringBootTestContextBootstrapper : Neither @ContextConfiguration nor @ContextHierarchy found for test class [com.imhojeong.springboot.web.PostsApiControllerTest], using SpringBootContextLoader
2019-12-20 02:36:28.009  INFO 14164 --- [    Test worker] o.s.t.c.support.AbstractContextLoader    : Could not detect default resource locations for test class [com.imhojeong.springboot.web.PostsApiControllerTest]: no resource found for suffixes {-context.xml, Context.groovy}.
2019-12-20 02:36:28.009  INFO 14164 --- [    Test worker] t.c.s.AnnotationConfigContextLoaderUtils : Could not detect default configuration classes for test class [com.imhojeong.springboot.web.PostsApiControllerTest]: PostsApiControllerTest does not declare any static, non-private, non-final, nested classes annotated with @Configuration.
2019-12-20 02:36:28.012  INFO 14164 --- [    Test worker] .b.t.c.SpringBootTestContextBootstrapper : Found @SpringBootConfiguration com.imhojeong.springboot.Application for test class com.imhojeong.springboot.web.PostsApiControllerTest
2019-12-20 02:36:28.013  INFO 14164 --- [    Test worker] .b.t.c.SpringBootTestContextBootstrapper : Loaded default TestExecutionListener class names from location [META-INF/spring.factories]: [org.springframework.security.test.context.support.WithSecurityContextTestExecutionListener, org.springframework.security.test.context.support.ReactorContextTestExecutionListener, org.springframework.boot.test.autoconfigure.restdocs.RestDocsTestExecutionListener, org.springframework.boot.test.autoconfigure.web.client.MockRestServiceServerResetTestExecutionListener, org.springframework.boot.test.autoconfigure.web.servlet.MockMvcPrintOnlyOnFailureTestExecutionListener, org.springframework.boot.test.autoconfigure.web.servlet.WebDriverTestExecutionListener, org.springframework.boot.test.mock.mockito.MockitoTestExecutionListener, org.springframework.boot.test.mock.mockito.ResetMocksTestExecutionListener, org.springframework.test.context.web.ServletTestExecutionListener, org.springframework.test.context.support.DirtiesContextBeforeModesTestExecutionListener, org.springframework.test.context.support.DependencyInjectionTestExecutionListener, org.springframework.test.context.support.DirtiesContextTestExecutionListener, org.springframework.test.context.transaction.TransactionalTestExecutionListener, org.springframework.test.context.jdbc.SqlScriptsTestExecutionListener]
2019-12-20 02:36:28.014  INFO 14164 --- [    Test worker] .b.t.c.SpringBootTestContextBootstrapper : Using TestExecutionListeners: [org.springframework.test.context.web.ServletTestExecutionListener@765a04b7, org.springframework.test.context.support.DirtiesContextBeforeModesTestExecutionListener@5ee9abd1, org.springframework.boot.test.mock.mockito.MockitoTestExecutionListener@431022c, org.springframework.boot.test.autoconfigure.SpringBootDependencyInjectionTestExecutionListener@26a94db8, org.springframework.test.context.support.DirtiesContextTestExecutionListener@f08a66, org.springframework.test.context.transaction.TransactionalTestExecutionListener@13d41e8a, org.springframework.test.context.jdbc.SqlScriptsTestExecutionListener@1f784ebe, org.springframework.security.test.context.support.WithSecurityContextTestExecutionListener@73d00464, org.springframework.security.test.context.support.ReactorContextTestExecutionListener@77f713c2, org.springframework.boot.test.autoconfigure.restdocs.RestDocsTestExecutionListener@44e463f8, org.springframework.boot.test.autoconfigure.web.client.MockRestServiceServerResetTestExecutionListener@1934c864, org.springframework.boot.test.autoconfigure.web.servlet.MockMvcPrintOnlyOnFailureTestExecutionListener@6a341c02, org.springframework.boot.test.autoconfigure.web.servlet.WebDriverTestExecutionListener@25126b85, org.springframework.boot.test.mock.mockito.ResetMocksTestExecutionListener@420e277c]
2019-12-20 02:36:28.023  INFO 14164 --- [    Test worker] o.a.c.c.C.[Tomcat].[localhost].[/]       : Initializing Spring TestDispatcherServlet ''
2019-12-20 02:36:28.023  INFO 14164 --- [    Test worker] o.s.t.web.servlet.TestDispatcherServlet  : Initializing Servlet ''
2019-12-20 02:36:28.026  INFO 14164 --- [    Test worker] o.s.t.web.servlet.TestDispatcherServlet  : Completed initialization in 3 ms
Hibernate: insert into posts (created_date, modified_date, author, content, title) values (?, ?, ?, ?, ?)
Hibernate: select posts0_.id as id1_0_, posts0_.created_date as created_2_0_, posts0_.modified_date as modified3_0_, posts0_.author as author4_0_, posts0_.content as content5_0_, posts0_.title as title6_0_ from posts posts0_
Hibernate: select posts0_.id as id1_0_, posts0_.created_date as created_2_0_, posts0_.modified_date as modified3_0_, posts0_.author as author4_0_, posts0_.content as content5_0_, posts0_.title as title6_0_ from posts posts0_
Hibernate: delete from posts where id=?
2019-12-20 02:36:28.086  INFO 14164 --- [    Test worker] o.a.c.c.C.[Tomcat].[localhost].[/]       : Initializing Spring TestDispatcherServlet ''
2019-12-20 02:36:28.086  INFO 14164 --- [    Test worker] o.s.t.web.servlet.TestDispatcherServlet  : Initializing Servlet ''
2019-12-20 02:36:28.089  INFO 14164 --- [    Test worker] o.s.t.web.servlet.TestDispatcherServlet  : Completed initialization in 3 ms
Hibernate: insert into posts (created_date, modified_date, author, content, title) values (?, ?, ?, ?, ?)
Hibernate: select posts0_.id as id1_0_0_, posts0_.created_date as created_2_0_0_, posts0_.modified_date as modified3_0_0_, posts0_.author as author4_0_0_, posts0_.content as content5_0_0_, posts0_.title as title6_0_0_ from posts posts0_ where posts0_.id=?
Hibernate: update posts set created_date=?, modified_date=?, author=?, content=?, title=? where id=?
Hibernate: select posts0_.id as id1_0_, posts0_.created_date as created_2_0_, posts0_.modified_date as modified3_0_, posts0_.author as author4_0_, posts0_.content as content5_0_, posts0_.title as title6_0_ from posts posts0_
Hibernate: select posts0_.id as id1_0_, posts0_.created_date as created_2_0_, posts0_.modified_date as modified3_0_, posts0_.author as author4_0_, posts0_.content as content5_0_, posts0_.title as title6_0_ from posts posts0_
Hibernate: delete from posts where id=?
]]></system-out>
  <system-err><![CDATA[]]></system-err>
</testsuite>
