<?xml version="1.0" encoding="UTF-8"?>
<testsuite name="com.imhojeong.springboot.web.IndexControllerTest" tests="1" skipped="0" failures="0" errors="0" timestamp="2019-12-19T17:36:27" hostname="DESKTOP-QAVV100" time="0.181">
  <properties/>
  <testcase name="메인페이지_로딩" classname="com.imhojeong.springboot.web.IndexControllerTest" time="0.181"/>
  <system-out><![CDATA[2019-12-20 02:36:25.826  INFO 14164 --- [    Test worker] .b.t.c.SpringBootTestContextBootstrapper : Neither @ContextConfiguration nor @ContextHierarchy found for test class [com.imhojeong.springboot.web.IndexControllerTest], using SpringBootContextLoader
2019-12-20 02:36:25.826  INFO 14164 --- [    Test worker] o.s.t.c.support.AbstractContextLoader    : Could not detect default resource locations for test class [com.imhojeong.springboot.web.IndexControllerTest]: no resource found for suffixes {-context.xml, Context.groovy}.
2019-12-20 02:36:25.826  INFO 14164 --- [    Test worker] t.c.s.AnnotationConfigContextLoaderUtils : Could not detect default configuration classes for test class [com.imhojeong.springboot.web.IndexControllerTest]: IndexControllerTest does not declare any static, non-private, non-final, nested classes annotated with @Configuration.
2019-12-20 02:36:25.827  INFO 14164 --- [    Test worker] .b.t.c.SpringBootTestContextBootstrapper : Found @SpringBootConfiguration com.imhojeong.springboot.Application for test class com.imhojeong.springboot.web.IndexControllerTest
2019-12-20 02:36:25.828  INFO 14164 --- [    Test worker] .b.t.c.SpringBootTestContextBootstrapper : Loaded default TestExecutionListener class names from location [META-INF/spring.factories]: [org.springframework.security.test.context.support.WithSecurityContextTestExecutionListener, org.springframework.security.test.context.support.ReactorContextTestExecutionListener, org.springframework.boot.test.autoconfigure.restdocs.RestDocsTestExecutionListener, org.springframework.boot.test.autoconfigure.web.client.MockRestServiceServerResetTestExecutionListener, org.springframework.boot.test.autoconfigure.web.servlet.MockMvcPrintOnlyOnFailureTestExecutionListener, org.springframework.boot.test.autoconfigure.web.servlet.WebDriverTestExecutionListener, org.springframework.boot.test.mock.mockito.MockitoTestExecutionListener, org.springframework.boot.test.mock.mockito.ResetMocksTestExecutionListener, org.springframework.test.context.web.ServletTestExecutionListener, org.springframework.test.context.support.DirtiesContextBeforeModesTestExecutionListener, org.springframework.test.context.support.DependencyInjectionTestExecutionListener, org.springframework.test.context.support.DirtiesContextTestExecutionListener, org.springframework.test.context.transaction.TransactionalTestExecutionListener, org.springframework.test.context.jdbc.SqlScriptsTestExecutionListener]
2019-12-20 02:36:25.829  INFO 14164 --- [    Test worker] .b.t.c.SpringBootTestContextBootstrapper : Using TestExecutionListeners: [org.springframework.test.context.web.ServletTestExecutionListener@2a69c67a, org.springframework.test.context.support.DirtiesContextBeforeModesTestExecutionListener@4a680623, org.springframework.boot.test.mock.mockito.MockitoTestExecutionListener@7619a4d, org.springframework.boot.test.autoconfigure.SpringBootDependencyInjectionTestExecutionListener@4c2b4dc, org.springframework.test.context.support.DirtiesContextTestExecutionListener@607ce828, org.springframework.test.context.transaction.TransactionalTestExecutionListener@6aafa31a, org.springframework.test.context.jdbc.SqlScriptsTestExecutionListener@6197fff0, org.springframework.security.test.context.support.WithSecurityContextTestExecutionListener@7062c34a, org.springframework.security.test.context.support.ReactorContextTestExecutionListener@77d848c6, org.springframework.boot.test.autoconfigure.restdocs.RestDocsTestExecutionListener@60f88254, org.springframework.boot.test.autoconfigure.web.client.MockRestServiceServerResetTestExecutionListener@3e4e89c4, org.springframework.boot.test.autoconfigure.web.servlet.MockMvcPrintOnlyOnFailureTestExecutionListener@58d065d4, org.springframework.boot.test.autoconfigure.web.servlet.WebDriverTestExecutionListener@6dfb9870, org.springframework.boot.test.mock.mockito.ResetMocksTestExecutionListener@49355db9]

  .   ____          _            __ _ _
 /\\ / ___'_ __ _ _(_)_ __  __ _ \ \ \ \
( ( )\___ | '_ | '_| | '_ \/ _` | \ \ \ \
 \\/  ___)| |_)| | | | | || (_| |  ) ) ) )
  '  |____| .__|_| |_|_| |_\__, | / / / /
 =========|_|==============|___/=/_/_/_/
 :: Spring Boot ::        (v2.1.7.RELEASE)

2019-12-20 02:36:25.857  INFO 14164 --- [    Test worker] c.i.springboot.web.IndexControllerTest   : Starting IndexControllerTest on DESKTOP-QAVV100 with PID 14164 (started by dlagh in D:\SpringBootTest)
2019-12-20 02:36:25.858  INFO 14164 --- [    Test worker] c.i.springboot.web.IndexControllerTest   : No active profile set, falling back to default profiles: default
2019-12-20 02:36:26.054  INFO 14164 --- [    Test worker] .s.d.r.c.RepositoryConfigurationDelegate : Bootstrapping Spring Data repositories in DEFAULT mode.
2019-12-20 02:36:26.072  INFO 14164 --- [    Test worker] .s.d.r.c.RepositoryConfigurationDelegate : Finished Spring Data repository scanning in 17ms. Found 2 repository interfaces.
2019-12-20 02:36:26.160  INFO 14164 --- [    Test worker] trationDelegate$BeanPostProcessorChecker : Bean 'org.springframework.transaction.annotation.ProxyTransactionManagementConfiguration' of type [org.springframework.transaction.annotation.ProxyTransactionManagementConfiguration$$EnhancerBySpringCGLIB$$e15be09] is not eligible for getting processed by all BeanPostProcessors (for example: not eligible for auto-proxying)
2019-12-20 02:36:26.395  INFO 14164 --- [    Test worker] o.s.b.w.embedded.tomcat.TomcatWebServer  : Tomcat initialized with port(s): 0 (http)
2019-12-20 02:36:26.424  INFO 14164 --- [    Test worker] o.apache.catalina.core.StandardService   : Starting service [Tomcat]
2019-12-20 02:36:26.425  INFO 14164 --- [    Test worker] org.apache.catalina.core.StandardEngine  : Starting Servlet engine: [Apache Tomcat/9.0.22]
2019-12-20 02:36:26.612  INFO 14164 --- [    Test worker] o.a.c.c.C.[Tomcat].[localhost].[/]       : Initializing Spring embedded WebApplicationContext
2019-12-20 02:36:26.612  INFO 14164 --- [    Test worker] o.s.web.context.ContextLoader            : Root WebApplicationContext: initialization completed in 753 ms
2019-12-20 02:36:26.788  INFO 14164 --- [    Test worker] com.zaxxer.hikari.HikariDataSource       : HikariPool-2 - Starting...
2019-12-20 02:36:26.790  INFO 14164 --- [    Test worker] com.zaxxer.hikari.HikariDataSource       : HikariPool-2 - Start completed.
2019-12-20 02:36:26.824  INFO 14164 --- [    Test worker] o.hibernate.jpa.internal.util.LogHelper  : HHH000204: Processing PersistenceUnitInfo [
	name: default
	...]
2019-12-20 02:36:26.834  INFO 14164 --- [    Test worker] org.hibernate.dialect.Dialect            : HHH000400: Using dialect: org.hibernate.dialect.MySQL5InnoDBDialect
Hibernate: drop table if exists posts
Hibernate: drop table if exists user
Hibernate: create table posts (id bigint not null auto_increment, created_date datetime, modified_date datetime, author varchar(255), content TEXT not null, title varchar(500) not null, primary key (id)) engine=InnoDB
Hibernate: create table user (id bigint not null auto_increment, email varchar(255) not null, name varchar(255) not null, picture varchar(255), role varchar(255) not null, primary key (id)) engine=InnoDB
2019-12-20 02:36:26.890  INFO 14164 --- [    Test worker] o.h.t.schema.internal.SchemaCreatorImpl  : HHH000476: Executing import script 'org.hibernate.tool.schema.internal.exec.ScriptSourceInputNonExistentImpl@756c91df'
2019-12-20 02:36:26.890  INFO 14164 --- [    Test worker] j.LocalContainerEntityManagerFactoryBean : Initialized JPA EntityManagerFactory for persistence unit 'default'
2019-12-20 02:36:27.200  INFO 14164 --- [    Test worker] o.h.h.i.QueryTranslatorFactoryInitiator  : HHH000397: Using ASTQueryTranslatorFactory
2019-12-20 02:36:27.336  INFO 14164 --- [    Test worker] o.s.s.web.DefaultSecurityFilterChain     : Creating filter chain: any request, [org.springframework.security.web.context.request.async.WebAsyncManagerIntegrationFilter@6f5601ee, org.springframework.security.web.context.SecurityContextPersistenceFilter@49825e38, org.springframework.security.web.header.HeaderWriterFilter@8ac6319, org.springframework.security.web.authentication.logout.LogoutFilter@772c5380, org.springframework.security.oauth2.client.web.OAuth2AuthorizationRequestRedirectFilter@79bcf9ca, org.springframework.security.oauth2.client.web.OAuth2LoginAuthenticationFilter@735eeefc, org.springframework.security.web.authentication.ui.DefaultLoginPageGeneratingFilter@2c84bbb6, org.springframework.security.web.authentication.ui.DefaultLogoutPageGeneratingFilter@3233d424, org.springframework.security.web.savedrequest.RequestCacheAwareFilter@3a4593db, org.springframework.security.web.servletapi.SecurityContextHolderAwareRequestFilter@519a9b21, org.springframework.security.web.authentication.AnonymousAuthenticationFilter@2cdf1901, org.springframework.security.web.session.SessionManagementFilter@3c68317d, org.springframework.security.web.access.ExceptionTranslationFilter@7c71f8b3, org.springframework.security.web.access.intercept.FilterSecurityInterceptor@2ebe70d0]
2019-12-20 02:36:27.520  INFO 14164 --- [    Test worker] o.s.s.concurrent.ThreadPoolTaskExecutor  : Initializing ExecutorService 'applicationTaskExecutor'
2019-12-20 02:36:27.531  WARN 14164 --- [    Test worker] aWebConfiguration$JpaWebMvcConfiguration : spring.jpa.open-in-view is enabled by default. Therefore, database queries may be performed during view rendering. Explicitly configure spring.jpa.open-in-view to disable this warning
2019-12-20 02:36:27.554  INFO 14164 --- [    Test worker] o.s.b.a.w.s.WelcomePageHandlerMapping    : Adding welcome page template: index
2019-12-20 02:36:27.799  INFO 14164 --- [    Test worker] s.a.ScheduledAnnotationBeanPostProcessor : No TaskScheduler/ScheduledExecutorService bean found for scheduled processing
2019-12-20 02:36:27.818  INFO 14164 --- [    Test worker] o.s.b.w.embedded.tomcat.TomcatWebServer  : Tomcat started on port(s): 51495 (http) with context path ''
2019-12-20 02:36:27.819  INFO 14164 --- [    Test worker] c.i.springboot.web.IndexControllerTest   : Started IndexControllerTest in 1.989 seconds (JVM running for 13.82)
2019-12-20 02:36:27.906  INFO 14164 --- [o-auto-1-exec-1] o.a.c.c.C.[Tomcat].[localhost].[/]       : Initializing Spring DispatcherServlet 'dispatcherServlet'
2019-12-20 02:36:27.906  INFO 14164 --- [o-auto-1-exec-1] o.s.web.servlet.DispatcherServlet        : Initializing Servlet 'dispatcherServlet'
2019-12-20 02:36:27.933  INFO 14164 --- [o-auto-1-exec-1] o.s.web.servlet.DispatcherServlet        : Completed initialization in 27 ms
Hibernate: select posts0_.id as id1_0_, posts0_.created_date as created_2_0_, posts0_.modified_date as modified3_0_, posts0_.author as author4_0_, posts0_.content as content5_0_, posts0_.title as title6_0_ from posts posts0_ order by posts0_.id DESC
]]></system-out>
  <system-err><![CDATA[]]></system-err>
</testsuite>
