<?xml version="1.0" encoding="UTF-8"?>
<testsuite name="com.imhojeong.springboot.web.PostsApiControllerTest" tests="1" skipped="0" failures="0" errors="0" timestamp="2019-12-21T14:09:45" hostname="DESKTOP-QAVV100" time="0.569">
  <properties/>
  <testcase name="Posts_등록된다" classname="com.imhojeong.springboot.web.PostsApiControllerTest" time="0.569"/>
  <system-out><![CDATA[23:09:37.579 [Test worker] DEBUG org.springframework.test.context.junit4.SpringJUnit4ClassRunner - SpringJUnit4ClassRunner constructor called with [class com.imhojeong.springboot.web.PostsApiControllerTest]
23:09:37.587 [Test worker] DEBUG org.springframework.test.context.BootstrapUtils - Instantiating CacheAwareContextLoaderDelegate from class [org.springframework.test.context.cache.DefaultCacheAwareContextLoaderDelegate]
23:09:37.597 [Test worker] DEBUG org.springframework.test.context.BootstrapUtils - Instantiating BootstrapContext using constructor [public org.springframework.test.context.support.DefaultBootstrapContext(java.lang.Class,org.springframework.test.context.CacheAwareContextLoaderDelegate)]
23:09:37.619 [Test worker] DEBUG org.springframework.test.context.BootstrapUtils - Instantiating TestContextBootstrapper for test class [com.imhojeong.springboot.web.PostsApiControllerTest] from class [org.springframework.boot.test.context.SpringBootTestContextBootstrapper]
23:09:37.630 [Test worker] INFO org.springframework.boot.test.context.SpringBootTestContextBootstrapper - Neither @ContextConfiguration nor @ContextHierarchy found for test class [com.imhojeong.springboot.web.PostsApiControllerTest], using SpringBootContextLoader
23:09:37.635 [Test worker] DEBUG org.springframework.test.context.support.AbstractContextLoader - Did not detect default resource location for test class [com.imhojeong.springboot.web.PostsApiControllerTest]: class path resource [com/imhojeong/springboot/web/PostsApiControllerTest-context.xml] does not exist
23:09:37.635 [Test worker] DEBUG org.springframework.test.context.support.AbstractContextLoader - Did not detect default resource location for test class [com.imhojeong.springboot.web.PostsApiControllerTest]: class path resource [com/imhojeong/springboot/web/PostsApiControllerTestContext.groovy] does not exist
23:09:37.635 [Test worker] INFO org.springframework.test.context.support.AbstractContextLoader - Could not detect default resource locations for test class [com.imhojeong.springboot.web.PostsApiControllerTest]: no resource found for suffixes {-context.xml, Context.groovy}.
23:09:37.637 [Test worker] INFO org.springframework.test.context.support.AnnotationConfigContextLoaderUtils - Could not detect default configuration classes for test class [com.imhojeong.springboot.web.PostsApiControllerTest]: PostsApiControllerTest does not declare any static, non-private, non-final, nested classes annotated with @Configuration.
23:09:37.685 [Test worker] DEBUG org.springframework.test.context.support.ActiveProfilesUtils - Could not find an 'annotation declaring class' for annotation type [org.springframework.test.context.ActiveProfiles] and class [com.imhojeong.springboot.web.PostsApiControllerTest]
23:09:37.927 [Test worker] DEBUG org.springframework.context.annotation.ClassPathScanningCandidateComponentProvider - Identified candidate component class: file [D:\SpringBootTest\build\classes\java\main\com\imhojeong\springboot\Application.class]
23:09:37.929 [Test worker] INFO org.springframework.boot.test.context.SpringBootTestContextBootstrapper - Found @SpringBootConfiguration com.imhojeong.springboot.Application for test class com.imhojeong.springboot.web.PostsApiControllerTest
23:09:38.056 [Test worker] DEBUG org.springframework.boot.test.context.SpringBootTestContextBootstrapper - @TestExecutionListeners is not present for class [com.imhojeong.springboot.web.PostsApiControllerTest]: using defaults.
23:09:38.057 [Test worker] INFO org.springframework.boot.test.context.SpringBootTestContextBootstrapper - Loaded default TestExecutionListener class names from location [META-INF/spring.factories]: [org.springframework.security.test.context.support.WithSecurityContextTestExecutionListener, org.springframework.security.test.context.support.ReactorContextTestExecutionListener, org.springframework.boot.test.autoconfigure.restdocs.RestDocsTestExecutionListener, org.springframework.boot.test.autoconfigure.web.client.MockRestServiceServerResetTestExecutionListener, org.springframework.boot.test.autoconfigure.web.servlet.MockMvcPrintOnlyOnFailureTestExecutionListener, org.springframework.boot.test.autoconfigure.web.servlet.WebDriverTestExecutionListener, org.springframework.boot.test.mock.mockito.MockitoTestExecutionListener, org.springframework.boot.test.mock.mockito.ResetMocksTestExecutionListener, org.springframework.test.context.web.ServletTestExecutionListener, org.springframework.test.context.support.DirtiesContextBeforeModesTestExecutionListener, org.springframework.test.context.support.DependencyInjectionTestExecutionListener, org.springframework.test.context.support.DirtiesContextTestExecutionListener, org.springframework.test.context.transaction.TransactionalTestExecutionListener, org.springframework.test.context.jdbc.SqlScriptsTestExecutionListener]
23:09:38.096 [Test worker] INFO org.springframework.boot.test.context.SpringBootTestContextBootstrapper - Using TestExecutionListeners: [org.springframework.test.context.web.ServletTestExecutionListener@7610412b, org.springframework.test.context.support.DirtiesContextBeforeModesTestExecutionListener@63151ab1, org.springframework.boot.test.mock.mockito.MockitoTestExecutionListener@192acaf, org.springframework.boot.test.autoconfigure.SpringBootDependencyInjectionTestExecutionListener@5d05575c, org.springframework.test.context.support.DirtiesContextTestExecutionListener@29684cce, org.springframework.test.context.transaction.TransactionalTestExecutionListener@62e30bc0, org.springframework.test.context.jdbc.SqlScriptsTestExecutionListener@768034e7, org.springframework.security.test.context.support.WithSecurityContextTestExecutionListener@1c832dc, org.springframework.security.test.context.support.ReactorContextTestExecutionListener@6a2d1017, org.springframework.boot.test.autoconfigure.restdocs.RestDocsTestExecutionListener@106aab99, org.springframework.boot.test.autoconfigure.web.client.MockRestServiceServerResetTestExecutionListener@673a927f, org.springframework.boot.test.autoconfigure.web.servlet.MockMvcPrintOnlyOnFailureTestExecutionListener@27a40296, org.springframework.boot.test.autoconfigure.web.servlet.WebDriverTestExecutionListener@250b03dd, org.springframework.boot.test.mock.mockito.ResetMocksTestExecutionListener@60f85286]
23:09:38.100 [Test worker] DEBUG org.springframework.test.annotation.ProfileValueUtils - Retrieved @ProfileValueSourceConfiguration [null] for test class [com.imhojeong.springboot.web.PostsApiControllerTest]
23:09:38.101 [Test worker] DEBUG org.springframework.test.annotation.ProfileValueUtils - Retrieved ProfileValueSource type [class org.springframework.test.annotation.SystemProfileValueSource] for class [com.imhojeong.springboot.web.PostsApiControllerTest]
23:09:38.104 [Test worker] DEBUG org.springframework.test.annotation.ProfileValueUtils - Retrieved @ProfileValueSourceConfiguration [null] for test class [com.imhojeong.springboot.web.PostsApiControllerTest]
23:09:38.105 [Test worker] DEBUG org.springframework.test.annotation.ProfileValueUtils - Retrieved ProfileValueSource type [class org.springframework.test.annotation.SystemProfileValueSource] for class [com.imhojeong.springboot.web.PostsApiControllerTest]
23:09:38.105 [Test worker] DEBUG org.springframework.test.annotation.ProfileValueUtils - Retrieved @ProfileValueSourceConfiguration [null] for test class [com.imhojeong.springboot.web.PostsApiControllerTest]
23:09:38.105 [Test worker] DEBUG org.springframework.test.annotation.ProfileValueUtils - Retrieved ProfileValueSource type [class org.springframework.test.annotation.SystemProfileValueSource] for class [com.imhojeong.springboot.web.PostsApiControllerTest]
23:09:38.110 [Test worker] DEBUG org.springframework.test.context.support.AbstractDirtiesContextTestExecutionListener - Before test class: context [DefaultTestContext@3cb88f2f testClass = PostsApiControllerTest, testInstance = [null], testMethod = [null], testException = [null], mergedContextConfiguration = [WebMergedContextConfiguration@3b5cc003 testClass = PostsApiControllerTest, locations = '{}', classes = '{class com.imhojeong.springboot.Application}', contextInitializerClasses = '[]', activeProfiles = '{}', propertySourceLocations = '{}', propertySourceProperties = '{org.springframework.boot.test.context.SpringBootTestContextBootstrapper=true, server.port=0}', contextCustomizers = set[org.springframework.boot.test.autoconfigure.properties.PropertyMappingContextCustomizer@0, org.springframework.boot.test.autoconfigure.web.servlet.WebDriverContextCustomizerFactory$Customizer@6af2ec80, org.springframework.boot.test.context.filter.ExcludeFilterContextCustomizer@2f4522d0, org.springframework.boot.test.json.DuplicateJsonObjectContextCustomizerFactory$DuplicateJsonObjectContextCustomizer@60b89efd, org.springframework.boot.test.mock.mockito.MockitoContextCustomizer@0, org.springframework.boot.test.web.client.TestRestTemplateContextCustomizer@ce2ee62], resourceBasePath = 'src/main/webapp', contextLoader = 'org.springframework.boot.test.context.SpringBootContextLoader', parent = [null]], attributes = map['org.springframework.test.context.web.ServletTestExecutionListener.activateListener' -> false]], class annotated with @DirtiesContext [false] with mode [null].
23:09:38.111 [Test worker] DEBUG org.springframework.test.annotation.ProfileValueUtils - Retrieved @ProfileValueSourceConfiguration [null] for test class [com.imhojeong.springboot.web.PostsApiControllerTest]
23:09:38.111 [Test worker] DEBUG org.springframework.test.annotation.ProfileValueUtils - Retrieved ProfileValueSource type [class org.springframework.test.annotation.SystemProfileValueSource] for class [com.imhojeong.springboot.web.PostsApiControllerTest]
23:09:38.115 [Test worker] DEBUG org.springframework.test.context.support.DependencyInjectionTestExecutionListener - Performing dependency injection for test context [[DefaultTestContext@3cb88f2f testClass = PostsApiControllerTest, testInstance = com.imhojeong.springboot.web.PostsApiControllerTest@675521f7, testMethod = [null], testException = [null], mergedContextConfiguration = [WebMergedContextConfiguration@3b5cc003 testClass = PostsApiControllerTest, locations = '{}', classes = '{class com.imhojeong.springboot.Application}', contextInitializerClasses = '[]', activeProfiles = '{}', propertySourceLocations = '{}', propertySourceProperties = '{org.springframework.boot.test.context.SpringBootTestContextBootstrapper=true, server.port=0}', contextCustomizers = set[org.springframework.boot.test.autoconfigure.properties.PropertyMappingContextCustomizer@0, org.springframework.boot.test.autoconfigure.web.servlet.WebDriverContextCustomizerFactory$Customizer@6af2ec80, org.springframework.boot.test.context.filter.ExcludeFilterContextCustomizer@2f4522d0, org.springframework.boot.test.json.DuplicateJsonObjectContextCustomizerFactory$DuplicateJsonObjectContextCustomizer@60b89efd, org.springframework.boot.test.mock.mockito.MockitoContextCustomizer@0, org.springframework.boot.test.web.client.TestRestTemplateContextCustomizer@ce2ee62], resourceBasePath = 'src/main/webapp', contextLoader = 'org.springframework.boot.test.context.SpringBootContextLoader', parent = [null]], attributes = map['org.springframework.test.context.web.ServletTestExecutionListener.activateListener' -> false]]].
23:09:38.146 [Test worker] DEBUG org.springframework.test.context.support.TestPropertySourceUtils - Adding inlined properties to environment: {spring.jmx.enabled=false, org.springframework.boot.test.context.SpringBootTestContextBootstrapper=true, server.port=0}

  .   ____          _            __ _ _
 /\\ / ___'_ __ _ _(_)_ __  __ _ \ \ \ \
( ( )\___ | '_ | '_| | '_ \/ _` | \ \ \ \
 \\/  ___)| |_)| | | | | || (_| |  ) ) ) )
  '  |____| .__|_| |_|_| |_\__, | / / / /
 =========|_|==============|___/=/_/_/_/
 :: Spring Boot ::        (v2.1.7.RELEASE)

2019-12-21 23:09:38.445  INFO 40400 --- [    Test worker] c.i.s.web.PostsApiControllerTest         : Starting PostsApiControllerTest on DESKTOP-QAVV100 with PID 40400 (started by dlagh in D:\SpringBootTest)
2019-12-21 23:09:38.446  INFO 40400 --- [    Test worker] c.i.s.web.PostsApiControllerTest         : No active profile set, falling back to default profiles: default
2019-12-21 23:09:39.507  INFO 40400 --- [    Test worker] .s.d.r.c.RepositoryConfigurationDelegate : Bootstrapping Spring Data repositories in DEFAULT mode.
2019-12-21 23:09:39.598  INFO 40400 --- [    Test worker] .s.d.r.c.RepositoryConfigurationDelegate : Finished Spring Data repository scanning in 79ms. Found 2 repository interfaces.
2019-12-21 23:09:40.101  INFO 40400 --- [    Test worker] trationDelegate$BeanPostProcessorChecker : Bean 'org.springframework.transaction.annotation.ProxyTransactionManagementConfiguration' of type [org.springframework.transaction.annotation.ProxyTransactionManagementConfiguration$$EnhancerBySpringCGLIB$$1e8a41b5] is not eligible for getting processed by all BeanPostProcessors (for example: not eligible for auto-proxying)
2019-12-21 23:09:40.587  INFO 40400 --- [    Test worker] o.s.b.w.embedded.tomcat.TomcatWebServer  : Tomcat initialized with port(s): 0 (http)
2019-12-21 23:09:40.617  INFO 40400 --- [    Test worker] o.apache.catalina.core.StandardService   : Starting service [Tomcat]
2019-12-21 23:09:40.617  INFO 40400 --- [    Test worker] org.apache.catalina.core.StandardEngine  : Starting Servlet engine: [Apache Tomcat/9.0.22]
2019-12-21 23:09:40.806  INFO 40400 --- [    Test worker] o.a.c.c.C.[Tomcat].[localhost].[/]       : Initializing Spring embedded WebApplicationContext
2019-12-21 23:09:40.806  INFO 40400 --- [    Test worker] o.s.web.context.ContextLoader            : Root WebApplicationContext: initialization completed in 2330 ms
2019-12-21 23:09:41.100  INFO 40400 --- [    Test worker] com.zaxxer.hikari.HikariDataSource       : HikariPool-1 - Starting...
2019-12-21 23:09:41.290  INFO 40400 --- [    Test worker] com.zaxxer.hikari.HikariDataSource       : HikariPool-1 - Start completed.
2019-12-21 23:09:41.399  INFO 40400 --- [    Test worker] o.hibernate.jpa.internal.util.LogHelper  : HHH000204: Processing PersistenceUnitInfo [
	name: default
	...]
2019-12-21 23:09:41.492  INFO 40400 --- [    Test worker] org.hibernate.Version                    : HHH000412: Hibernate Core {5.3.10.Final}
2019-12-21 23:09:41.495  INFO 40400 --- [    Test worker] org.hibernate.cfg.Environment            : HHH000206: hibernate.properties not found
2019-12-21 23:09:41.702  INFO 40400 --- [    Test worker] o.hibernate.annotations.common.Version   : HCANN000001: Hibernate Commons Annotations {5.0.4.Final}
2019-12-21 23:09:41.904  INFO 40400 --- [    Test worker] org.hibernate.dialect.Dialect            : HHH000400: Using dialect: org.hibernate.dialect.MySQL5InnoDBDialect
Hibernate: drop table if exists posts
Hibernate: drop table if exists user
Hibernate: create table posts (id bigint not null auto_increment, created_date datetime, modified_date datetime, author varchar(255), content TEXT not null, title varchar(500) not null, primary key (id)) engine=InnoDB
Hibernate: create table user (id bigint not null auto_increment, email varchar(255) not null, name varchar(255) not null, picture varchar(255), role varchar(255) not null, primary key (id)) engine=InnoDB
2019-12-21 23:09:42.780  INFO 40400 --- [    Test worker] o.h.t.schema.internal.SchemaCreatorImpl  : HHH000476: Executing import script 'org.hibernate.tool.schema.internal.exec.ScriptSourceInputNonExistentImpl@4d03a4b1'
2019-12-21 23:09:42.784  INFO 40400 --- [    Test worker] j.LocalContainerEntityManagerFactoryBean : Initialized JPA EntityManagerFactory for persistence unit 'default'
2019-12-21 23:09:43.661  INFO 40400 --- [    Test worker] o.h.h.i.QueryTranslatorFactoryInitiator  : HHH000397: Using ASTQueryTranslatorFactory
2019-12-21 23:09:44.139  INFO 40400 --- [    Test worker] o.s.s.web.DefaultSecurityFilterChain     : Creating filter chain: any request, [org.springframework.security.web.context.request.async.WebAsyncManagerIntegrationFilter@1cee8a7e, org.springframework.security.web.context.SecurityContextPersistenceFilter@f418a20, org.springframework.security.web.header.HeaderWriterFilter@265b01dc, org.springframework.security.web.authentication.logout.LogoutFilter@76a680be, org.springframework.security.oauth2.client.web.OAuth2AuthorizationRequestRedirectFilter@382b5130, org.springframework.security.oauth2.client.web.OAuth2LoginAuthenticationFilter@48112ebc, org.springframework.security.web.authentication.ui.DefaultLoginPageGeneratingFilter@21f8f486, org.springframework.security.web.authentication.ui.DefaultLogoutPageGeneratingFilter@22cf1d7c, org.springframework.security.web.savedrequest.RequestCacheAwareFilter@88a4518, org.springframework.security.web.servletapi.SecurityContextHolderAwareRequestFilter@42b8d015, org.springframework.security.web.authentication.AnonymousAuthenticationFilter@7ae1de54, org.springframework.security.web.session.SessionManagementFilter@13ee3fe7, org.springframework.security.web.access.ExceptionTranslationFilter@18720e7f, org.springframework.security.web.access.intercept.FilterSecurityInterceptor@1962040b]
2019-12-21 23:09:44.547  INFO 40400 --- [    Test worker] o.s.s.concurrent.ThreadPoolTaskExecutor  : Initializing ExecutorService 'applicationTaskExecutor'
2019-12-21 23:09:44.623  WARN 40400 --- [    Test worker] aWebConfiguration$JpaWebMvcConfiguration : spring.jpa.open-in-view is enabled by default. Therefore, database queries may be performed during view rendering. Explicitly configure spring.jpa.open-in-view to disable this warning
2019-12-21 23:09:44.694  INFO 40400 --- [    Test worker] o.s.b.a.w.s.WelcomePageHandlerMapping    : Adding welcome page template: index
2019-12-21 23:09:45.141  INFO 40400 --- [    Test worker] s.a.ScheduledAnnotationBeanPostProcessor : No TaskScheduler/ScheduledExecutorService bean found for scheduled processing
2019-12-21 23:09:45.173  INFO 40400 --- [    Test worker] o.s.b.w.embedded.tomcat.TomcatWebServer  : Tomcat started on port(s): 54457 (http) with context path ''
2019-12-21 23:09:45.175  INFO 40400 --- [    Test worker] c.i.s.web.PostsApiControllerTest         : Started PostsApiControllerTest in 7.028 seconds (JVM running for 12.564)
2019-12-21 23:09:45.281  INFO 40400 --- [    Test worker] o.a.c.c.C.[Tomcat].[localhost].[/]       : Initializing Spring TestDispatcherServlet ''
2019-12-21 23:09:45.281  INFO 40400 --- [    Test worker] o.s.t.web.servlet.TestDispatcherServlet  : Initializing Servlet ''
2019-12-21 23:09:45.314  INFO 40400 --- [    Test worker] o.s.t.web.servlet.TestDispatcherServlet  : Completed initialization in 33 ms
Hibernate: insert into posts (created_date, modified_date, author, content, title) values (?, ?, ?, ?, ?)
Hibernate: select posts0_.id as id1_0_, posts0_.created_date as created_2_0_, posts0_.modified_date as modified3_0_, posts0_.author as author4_0_, posts0_.content as content5_0_, posts0_.title as title6_0_ from posts posts0_
Hibernate: select posts0_.id as id1_0_, posts0_.created_date as created_2_0_, posts0_.modified_date as modified3_0_, posts0_.author as author4_0_, posts0_.content as content5_0_, posts0_.title as title6_0_ from posts posts0_
Hibernate: delete from posts where id=?
]]></system-out>
  <system-err><![CDATA[]]></system-err>
</testsuite>
